<?xml version="1.0" encoding="utf-8" standalone="no"?>
<!--This file represents the results of running a test suite-->
<test-results name="C:\mydata\git\MongoSharp\System.Data.Mongo.Tests\bin\Debug\System.Data.Mongo.Tests.dll" total="3" errors="1" failures="2" not-run="0" inconclusive="0" ignored="0" skipped="0" invalid="0" date="2010-02-12" time="08:36:47">
  <environment nunit-version="2.5.3.9345" clr-version="2.0.50727.4927" os-version="Microsoft Windows NT 6.1.7600.0" platform="Win32NT" cwd="C:\mydata\NUnit-2.5.3.9345\bin\net-2.0" machine-name="JALEXANDER-WORK" user="jalexander" user-domain="jalexander-work" />
  <culture-info current-culture="en-US" current-uiculture="en-US" />
  <test-suite name="C:\mydata\git\MongoSharp\System.Data.Mongo.Tests\bin\Debug\System.Data.Mongo.Tests.dll" executed="True" success="False" time="0.501" asserts="0">
    <results>
      <test-suite name="System" executed="True" success="False" time="0.492" asserts="0">
        <results>
          <test-suite name="Data" executed="True" success="False" time="0.491" asserts="0">
            <results>
              <test-suite name="Mongo" executed="True" success="False" time="0.489" asserts="0">
                <results>
                  <test-suite name="Tests" executed="True" success="False" time="0.489" asserts="0">
                    <results>
                      <test-suite name="MongoContextTest" executed="True" success="False" time="0.087" asserts="0">
                        <results>
                          <test-case name="System.Data.Mongo.Tests.MongoContextTest.GetAllDatabases_Returns_DBs" executed="True" success="False" time="0.042" asserts="1">
                            <failure>
                              <message><![CDATA[  Expected: not <empty>
  But was:  <empty>
]]></message>
                              <stack-trace><![CDATA[at System.Data.Mongo.Tests.MongoContextTest.GetAllDatabases_Returns_DBs() in C:\mydata\git\MongoSharp\System.Data.Mongo.Tests\MongoContextTest.cs:line 30
]]></stack-trace>
                            </failure>
                          </test-case>
                        </results>
                      </test-suite>
                      <test-suite name="MongoDatabaseTest" executed="True" success="False" time="0.002" asserts="0">
                        <results>
                          <test-case name="System.Data.Mongo.Tests.MongoDatabaseTest.GetAllCollections_Returns_Collections" executed="True" success="False" time="0.002" asserts="1">
                            <failure>
                              <message><![CDATA[  Expected: not <empty>
  But was:  <empty>
]]></message>
                              <stack-trace><![CDATA[at System.Data.Mongo.Tests.MongoDatabaseTest.GetAllCollections_Returns_Collections() in C:\mydata\git\MongoSharp\System.Data.Mongo.Tests\MongoDatabaseTest.cs:line 17
]]></stack-trace>
                            </failure>
                          </test-case>
                        </results>
                      </test-suite>
                      <test-suite name="MongoFindTest" executed="True" success="False" time="0.378" asserts="0">
                        <results>
                          <test-case name="System.Data.Mongo.Tests.MongoFindTest.MongoDatabase_FindOne_Returns" executed="True" success="False" time="0.378" asserts="0">
                            <failure>
                              <message><![CDATA[System.InvalidOperationException : Sequence contains no elements]]></message>
                              <stack-trace><![CDATA[at System.Linq.Enumerable.First[TSource](IEnumerable`1 source)
at System.Data.Mongo.MongoCollection`1.FindOne[U](U template) in C:\mydata\git\MongoSharp\System.Data.Mongo\MongoCollection.cs:line 102
at System.Data.Mongo.Tests.MongoFindTest.MongoDatabase_FindOne_Returns() in C:\mydata\git\MongoSharp\System.Data.Mongo.Tests\MongoFindTest.cs:line 30
]]></stack-trace>
                            </failure>
                          </test-case>
                        </results>
                      </test-suite>
                    </results>
                  </test-suite>
                </results>
              </test-suite>
            </results>
          </test-suite>
        </results>
      </test-suite>
    </results>
  </test-suite>
</test-results>